<?xml version="1.0" encoding="UTF-8"?>
<coverage generated="1522255358420" clover="3.2.0">
  <project timestamp="1522255358420" name="All files">
    <metrics statements="112" coveredstatements="109" conditionals="45" coveredconditionals="40" methods="27" coveredmethods="24" elements="184" coveredelements="173" complexity="0" loc="112" ncloc="112" packages="3" files="8" classes="8">
      <package name="lib">
        <metrics statements="17" coveredstatements="17" conditionals="1" coveredconditionals="0" methods="5" coveredmethods="5"/>
        <file name="Detector.js" path="/Users/poenguyen/projects/code/tiny-seo-detector/lib/Detector.js">
          <metrics statements="10" coveredstatements="10" conditionals="0" coveredconditionals="0" methods="3" coveredmethods="3"/>
          <line num="1" count="1" type="stmt"/>
          <line num="5" count="1" type="stmt"/>
          <line num="6" count="1" type="stmt"/>
          <line num="9" count="1" type="stmt"/>
          <line num="16" count="3" type="stmt"/>
          <line num="17" count="3" type="stmt"/>
          <line num="21" count="3" type="stmt"/>
          <line num="22" count="3" type="stmt"/>
          <line num="26" count="1" type="stmt"/>
          <line num="32" count="1" type="stmt"/>
        </file>
        <file name="utils.js" path="/Users/poenguyen/projects/code/tiny-seo-detector/lib/utils.js">
          <metrics statements="7" coveredstatements="7" conditionals="1" coveredconditionals="0" methods="2" coveredmethods="2"/>
          <line num="5" count="7" type="stmt"/>
          <line num="6" count="7" type="stmt"/>
          <line num="9" count="7" type="cond" truecount="0" falsecount="1"/>
          <line num="10" count="28" type="stmt"/>
          <line num="11" count="28" type="stmt"/>
          <line num="19" count="7" type="stmt"/>
          <line num="20" count="13" type="stmt"/>
        </file>
      </package>
      <package name="lib.Defects">
        <metrics statements="50" coveredstatements="49" conditionals="25" coveredconditionals="24" methods="8" coveredmethods="7"/>
        <file name="index.js" path="/Users/poenguyen/projects/code/tiny-seo-detector/lib/Defects/index.js">
          <metrics statements="27" coveredstatements="26" conditionals="6" coveredconditionals="6" methods="6" coveredmethods="5"/>
          <line num="5" count="3" type="stmt"/>
          <line num="15" count="3" type="stmt"/>
          <line num="16" count="3" type="stmt"/>
          <line num="18" count="3" type="stmt"/>
          <line num="22" count="3" type="stmt"/>
          <line num="23" count="3" type="stmt"/>
          <line num="34" count="8" type="stmt"/>
          <line num="35" count="8" type="stmt"/>
          <line num="42" count="8" type="stmt"/>
          <line num="43" count="8" type="stmt"/>
          <line num="46" count="8" type="stmt"/>
          <line num="48" count="8" type="stmt"/>
          <line num="50" count="8" type="stmt"/>
          <line num="51" count="8" type="stmt"/>
          <line num="53" count="8" type="stmt"/>
          <line num="54" count="60" type="cond" truecount="2" falsecount="0"/>
          <line num="55" count="48" type="stmt"/>
          <line num="56" count="48" type="cond" truecount="2" falsecount="0"/>
          <line num="59" count="8" type="stmt"/>
          <line num="61" count="0" type="stmt"/>
          <line num="71" count="3" type="stmt"/>
          <line num="72" count="4" type="stmt"/>
          <line num="73" count="4" type="stmt"/>
          <line num="76" count="3" type="cond" truecount="2" falsecount="0"/>
          <line num="77" count="2" type="stmt"/>
          <line num="79" count="2" type="stmt"/>
          <line num="87" count="3" type="stmt"/>
        </file>
        <file name="rules.js" path="/Users/poenguyen/projects/code/tiny-seo-detector/lib/Defects/rules.js">
          <metrics statements="5" coveredstatements="5" conditionals="0" coveredconditionals="0" methods="0" coveredmethods="0"/>
          <line num="11" count="4" type="stmt"/>
          <line num="19" count="4" type="stmt"/>
          <line num="26" count="4" type="stmt"/>
          <line num="78" count="4" type="stmt"/>
          <line num="88" count="4" type="stmt"/>
        </file>
        <file name="validate.js" path="/Users/poenguyen/projects/code/tiny-seo-detector/lib/Defects/validate.js">
          <metrics statements="18" coveredstatements="18" conditionals="19" coveredconditionals="18" methods="2" coveredmethods="2"/>
          <line num="5" count="4" type="cond" truecount="0" falsecount="1"/>
          <line num="13" count="59" type="stmt"/>
          <line num="14" count="59" type="stmt"/>
          <line num="15" count="59" type="stmt"/>
          <line num="20" count="59" type="cond" truecount="4" falsecount="0"/>
          <line num="21" count="10" type="stmt"/>
          <line num="30" count="49" type="cond" truecount="2" falsecount="0"/>
          <line num="31" count="17" type="stmt"/>
          <line num="32" count="17" type="stmt"/>
          <line num="33" count="23" type="cond" truecount="2" falsecount="0"/>
          <line num="35" count="17" type="cond" truecount="2" falsecount="0"/>
          <line num="36" count="7" type="stmt"/>
          <line num="50" count="42" type="cond" truecount="4" falsecount="0"/>
          <line num="51" count="4" type="stmt"/>
          <line num="63" count="38" type="cond" truecount="4" falsecount="0"/>
          <line num="64" count="3" type="stmt"/>
          <line num="72" count="35" type="stmt"/>
          <line num="75" count="4" type="stmt"/>
        </file>
      </package>
      <package name="lib.Io">
        <metrics statements="45" coveredstatements="43" conditionals="19" coveredconditionals="16" methods="14" coveredmethods="12"/>
        <file name="index.js" path="/Users/poenguyen/projects/code/tiny-seo-detector/lib/Io/index.js">
          <metrics statements="12" coveredstatements="10" conditionals="0" coveredconditionals="0" methods="5" coveredmethods="4"/>
          <line num="5" count="3" type="stmt"/>
          <line num="6" count="3" type="stmt"/>
          <line num="21" count="6" type="stmt"/>
          <line num="22" count="6" type="stmt"/>
          <line num="23" count="6" type="stmt"/>
          <line num="24" count="6" type="stmt"/>
          <line num="25" count="6" type="stmt"/>
          <line num="26" count="6" type="stmt"/>
          <line num="29" count="0" type="stmt"/>
          <line num="35" count="8" type="stmt"/>
          <line num="39" count="0" type="stmt"/>
          <line num="43" count="3" type="stmt"/>
        </file>
        <file name="read.js" path="/Users/poenguyen/projects/code/tiny-seo-detector/lib/Io/read.js">
          <metrics statements="14" coveredstatements="14" conditionals="10" coveredconditionals="7" methods="5" coveredmethods="4"/>
          <line num="5" count="4" type="stmt"/>
          <line num="6" count="4" type="stmt"/>
          <line num="8" count="4" type="stmt"/>
          <line num="9" count="6" type="stmt"/>
          <line num="12" count="4" type="stmt"/>
          <line num="13" count="1" type="stmt"/>
          <line num="14" count="1" type="stmt"/>
          <line num="18" count="4" type="cond" truecount="0" falsecount="2"/>
          <line num="19" count="10" type="cond" truecount="2" falsecount="0"/>
          <line num="20" count="2" type="stmt"/>
          <line num="23" count="8" type="cond" truecount="2" falsecount="0"/>
          <line num="24" count="7" type="cond" truecount="2" falsecount="0"/>
          <line num="25" count="1" type="cond" truecount="1" falsecount="1"/>
          <line num="28" count="1" type="stmt"/>
        </file>
        <file name="write.js" path="/Users/poenguyen/projects/code/tiny-seo-detector/lib/Io/write.js">
          <metrics statements="19" coveredstatements="19" conditionals="9" coveredconditionals="9" methods="4" coveredmethods="4"/>
          <line num="4" count="4" type="stmt"/>
          <line num="5" count="4" type="stmt"/>
          <line num="6" count="4" type="stmt"/>
          <line num="8" count="4" type="stmt"/>
          <line num="9" count="9" type="stmt"/>
          <line num="12" count="4" type="stmt"/>
          <line num="13" count="1" type="stmt"/>
          <line num="16" count="4" type="stmt"/>
          <line num="17" count="1" type="stmt"/>
          <line num="20" count="4" type="cond" truecount="1" falsecount="0"/>
          <line num="21" count="11" type="stmt"/>
          <line num="22" count="11" type="stmt"/>
          <line num="23" count="16" type="stmt"/>
          <line num="25" count="11" type="cond" truecount="2" falsecount="0"/>
          <line num="28" count="11" type="cond" truecount="4" falsecount="0"/>
          <line num="29" count="1" type="stmt"/>
          <line num="32" count="10" type="cond" truecount="2" falsecount="0"/>
          <line num="33" count="1" type="stmt"/>
          <line num="36" count="9" type="stmt"/>
        </file>
      </package>
    </metrics>
  </project>
</coverage>
