{"/Users/poenguyen/projects/code/tiny-seo-detector/lib/Detector.js": {"path":"/Users/poenguyen/projects/code/tiny-seo-detector/lib/Detector.js","statementMap":{"0":{"start":{"line":1,"column":10},"end":{"line":3,"column":1}},"1":{"start":{"line":5,"column":16},"end":{"line":5,"column":36}},"2":{"start":{"line":6,"column":11},"end":{"line":6,"column":26}},"3":{"start":{"line":9,"column":23},"end":{"line":11,"column":1}},"4":{"start":{"line":16,"column":4},"end":{"line":16,"column":53}},"5":{"start":{"line":17,"column":4},"end":{"line":17,"column":36}},"6":{"start":{"line":21,"column":4},"end":{"line":21,"column":45}},"7":{"start":{"line":22,"column":4},"end":{"line":22,"column":20}},"8":{"start":{"line":26,"column":4},"end":{"line":26,"column":31}},"9":{"start":{"line":32,"column":0},"end":{"line":32,"column":26}}},"fnMap":{"0":{"name":"(anonymous_0)","decl":{"start":{"line":15,"column":2},"end":{"line":15,"column":3}},"loc":{"start":{"line":15,"column":37},"end":{"line":18,"column":3}},"line":15},"1":{"name":"(anonymous_1)","decl":{"start":{"line":20,"column":2},"end":{"line":20,"column":3}},"loc":{"start":{"line":20,"column":18},"end":{"line":23,"column":3}},"line":20},"2":{"name":"(anonymous_2)","decl":{"start":{"line":25,"column":2},"end":{"line":25,"column":3}},"loc":{"start":{"line":25,"column":35},"end":{"line":27,"column":3}},"line":25}},"branchMap":{},"s":{"0":1,"1":1,"2":1,"3":1,"4":3,"5":3,"6":3,"7":3,"8":1,"9":1},"f":{"0":3,"1":3,"2":1},"b":{},"_coverageSchema":"332fd63041d2c1bcb487cc26dd0d5f7d97098a6c","hash":"fd077ad5eeae238cd1a16be4288b68408416c3b6"}
,"/Users/poenguyen/projects/code/tiny-seo-detector/lib/utils.js": {"path":"/Users/poenguyen/projects/code/tiny-seo-detector/lib/utils.js","statementMap":{"0":{"start":{"line":5,"column":19},"end":{"line":5,"column":40}},"1":{"start":{"line":6,"column":16},"end":{"line":6,"column":34}},"2":{"start":{"line":9,"column":0},"end":{"line":12,"column":1}},"3":{"start":{"line":10,"column":26},"end":{"line":10,"column":54}},"4":{"start":{"line":11,"column":2},"end":{"line":11,"column":31}},"5":{"start":{"line":19,"column":0},"end":{"line":21,"column":1}},"6":{"start":{"line":20,"column":2},"end":{"line":20,"column":32}}},"fnMap":{"0":{"name":"(anonymous_0)","decl":{"start":{"line":9,"column":23},"end":{"line":9,"column":24}},"loc":{"start":{"line":9,"column":66},"end":{"line":12,"column":1}},"line":9},"1":{"name":"(anonymous_1)","decl":{"start":{"line":19,"column":18},"end":{"line":19,"column":19}},"loc":{"start":{"line":19,"column":37},"end":{"line":21,"column":1}},"line":19}},"branchMap":{"0":{"loc":{"start":{"line":9,"column":32},"end":{"line":9,"column":58}},"type":"default-arg","locations":[{"start":{"line":9,"column":43},"end":{"line":9,"column":58}}],"line":9}},"s":{"0":7,"1":7,"2":7,"3":28,"4":28,"5":7,"6":13},"f":{"0":28,"1":13},"b":{"0":[0]},"_coverageSchema":"332fd63041d2c1bcb487cc26dd0d5f7d97098a6c","hash":"5bcc064f40c7fee7e2ddee215d099007e95b04a5"}
,"/Users/poenguyen/projects/code/tiny-seo-detector/lib/Defects/index.js": {"path":"/Users/poenguyen/projects/code/tiny-seo-detector/lib/Defects/index.js","statementMap":{"0":{"start":{"line":5,"column":10},"end":{"line":9,"column":1}},"1":{"start":{"line":15,"column":4},"end":{"line":15,"column":22}},"2":{"start":{"line":16,"column":17},"end":{"line":16,"column":38}},"3":{"start":{"line":18,"column":23},"end":{"line":20,"column":1}},"4":{"start":{"line":22,"column":15},"end":{"line":22,"column":58}},"5":{"start":{"line":23,"column":16},"end":{"line":23,"column":55}},"6":{"start":{"line":34,"column":4},"end":{"line":34,"column":57}},"7":{"start":{"line":35,"column":4},"end":{"line":35,"column":17}},"8":{"start":{"line":42,"column":15},"end":{"line":42,"column":22}},"9":{"start":{"line":43,"column":42},"end":{"line":43,"column":53}},"10":{"start":{"line":46,"column":4},"end":{"line":61,"column":61}},"11":{"start":{"line":48,"column":24},"end":{"line":48,"column":26}},"12":{"start":{"line":50,"column":34},"end":{"line":50,"column":78}},"13":{"start":{"line":51,"column":35},"end":{"line":51,"column":63}},"14":{"start":{"line":53,"column":8},"end":{"line":57,"column":9}},"15":{"start":{"line":54,"column":10},"end":{"line":54,"column":50}},"16":{"start":{"line":54,"column":41},"end":{"line":54,"column":50}},"17":{"start":{"line":55,"column":24},"end":{"line":55,"column":60}},"18":{"start":{"line":56,"column":10},"end":{"line":56,"column":41}},"19":{"start":{"line":56,"column":21},"end":{"line":56,"column":41}},"20":{"start":{"line":59,"column":8},"end":{"line":59,"column":26}},"21":{"start":{"line":61,"column":20},"end":{"line":61,"column":59}},"22":{"start":{"line":71,"column":25},"end":{"line":74,"column":5}},"23":{"start":{"line":72,"column":6},"end":{"line":72,"column":69}},"24":{"start":{"line":73,"column":6},"end":{"line":73,"column":32}},"25":{"start":{"line":76,"column":4},"end":{"line":80,"column":5}},"26":{"start":{"line":77,"column":6},"end":{"line":77,"column":50}},"27":{"start":{"line":77,"column":31},"end":{"line":77,"column":50}},"28":{"start":{"line":79,"column":6},"end":{"line":79,"column":27}},"29":{"start":{"line":87,"column":0},"end":{"line":87,"column":25}}},"fnMap":{"0":{"name":"(anonymous_0)","decl":{"start":{"line":33,"column":2},"end":{"line":33,"column":3}},"loc":{"start":{"line":33,"column":26},"end":{"line":36,"column":3}},"line":33},"1":{"name":"(anonymous_1)","decl":{"start":{"line":41,"column":2},"end":{"line":41,"column":3}},"loc":{"start":{"line":41,"column":8},"end":{"line":63,"column":3}},"line":41},"2":{"name":"(anonymous_2)","decl":{"start":{"line":47,"column":12},"end":{"line":47,"column":13}},"loc":{"start":{"line":47,"column":19},"end":{"line":60,"column":7}},"line":47},"3":{"name":"(anonymous_3)","decl":{"start":{"line":61,"column":13},"end":{"line":61,"column":14}},"loc":{"start":{"line":61,"column":20},"end":{"line":61,"column":59}},"line":61},"4":{"name":"(anonymous_4)","decl":{"start":{"line":69,"column":2},"end":{"line":69,"column":3}},"loc":{"start":{"line":69,"column":28},"end":{"line":82,"column":3}},"line":69},"5":{"name":"(anonymous_5)","decl":{"start":{"line":71,"column":25},"end":{"line":71,"column":26}},"loc":{"start":{"line":71,"column":35},"end":{"line":74,"column":5}},"line":71}},"branchMap":{"0":{"loc":{"start":{"line":54,"column":10},"end":{"line":54,"column":50}},"type":"if","locations":[{"start":{"line":54,"column":10},"end":{"line":54,"column":50}},{"start":{"line":54,"column":10},"end":{"line":54,"column":50}}],"line":54},"1":{"loc":{"start":{"line":56,"column":10},"end":{"line":56,"column":41}},"type":"if","locations":[{"start":{"line":56,"column":10},"end":{"line":56,"column":41}},{"start":{"line":56,"column":10},"end":{"line":56,"column":41}}],"line":56},"2":{"loc":{"start":{"line":76,"column":4},"end":{"line":80,"column":5}},"type":"if","locations":[{"start":{"line":76,"column":4},"end":{"line":80,"column":5}},{"start":{"line":76,"column":4},"end":{"line":80,"column":5}}],"line":76}},"s":{"0":3,"1":3,"2":3,"3":3,"4":3,"5":3,"6":8,"7":8,"8":8,"9":8,"10":8,"11":8,"12":8,"13":8,"14":8,"15":60,"16":12,"17":48,"18":48,"19":13,"20":8,"21":0,"22":3,"23":4,"24":4,"25":3,"26":1,"27":2,"28":2,"29":3},"f":{"0":8,"1":8,"2":8,"3":0,"4":3,"5":4},"b":{"0":[12,48],"1":[13,35],"2":[1,2]},"_coverageSchema":"332fd63041d2c1bcb487cc26dd0d5f7d97098a6c","hash":"b2522fc6b973bde0d344555414fc1a46985c9ba8"}
,"/Users/poenguyen/projects/code/tiny-seo-detector/lib/Defects/rules.js": {"path":"/Users/poenguyen/projects/code/tiny-seo-detector/lib/Defects/rules.js","statementMap":{"0":{"start":{"line":11,"column":22},"end":{"line":17,"column":1}},"1":{"start":{"line":19,"column":33},"end":{"line":24,"column":1}},"2":{"start":{"line":26,"column":33},"end":{"line":76,"column":1}},"3":{"start":{"line":78,"column":29},"end":{"line":86,"column":1}},"4":{"start":{"line":88,"column":0},"end":{"line":93,"column":2}}},"fnMap":{},"branchMap":{},"s":{"0":4,"1":4,"2":4,"3":4,"4":4},"f":{},"b":{},"_coverageSchema":"332fd63041d2c1bcb487cc26dd0d5f7d97098a6c","hash":"a4bdc3e9f9deeac1c1ec01e02742a2741f6f1241"}
,"/Users/poenguyen/projects/code/tiny-seo-detector/lib/Defects/validate.js": {"path":"/Users/poenguyen/projects/code/tiny-seo-detector/lib/Defects/validate.js","statementMap":{"0":{"start":{"line":5,"column":17},"end":{"line":73,"column":1}},"1":{"start":{"line":13,"column":6},"end":{"line":13,"column":13}},"2":{"start":{"line":14,"column":15},"end":{"line":14,"column":26}},"3":{"start":{"line":15,"column":20},"end":{"line":15,"column":31}},"4":{"start":{"line":20,"column":2},"end":{"line":25,"column":3}},"5":{"start":{"line":21,"column":4},"end":{"line":24,"column":6}},"6":{"start":{"line":30,"column":2},"end":{"line":45,"column":3}},"7":{"start":{"line":31,"column":20},"end":{"line":31,"column":21}},"8":{"start":{"line":32,"column":4},"end":{"line":34,"column":7}},"9":{"start":{"line":33,"column":6},"end":{"line":33,"column":51}},"10":{"start":{"line":33,"column":39},"end":{"line":33,"column":51}},"11":{"start":{"line":35,"column":4},"end":{"line":44,"column":5}},"12":{"start":{"line":36,"column":6},"end":{"line":43,"column":7}},"13":{"start":{"line":50,"column":2},"end":{"line":58,"column":3}},"14":{"start":{"line":51,"column":4},"end":{"line":57,"column":5}},"15":{"start":{"line":63,"column":2},"end":{"line":70,"column":3}},"16":{"start":{"line":64,"column":4},"end":{"line":69,"column":6}},"17":{"start":{"line":72,"column":2},"end":{"line":72,"column":15}},"18":{"start":{"line":75,"column":0},"end":{"line":75,"column":26}}},"fnMap":{"0":{"name":"(anonymous_0)","decl":{"start":{"line":5,"column":17},"end":{"line":5,"column":18}},"loc":{"start":{"line":5,"column":43},"end":{"line":73,"column":1}},"line":5},"1":{"name":"(anonymous_1)","decl":{"start":{"line":32,"column":14},"end":{"line":32,"column":15}},"loc":{"start":{"line":32,"column":25},"end":{"line":34,"column":5}},"line":32}},"branchMap":{"0":{"loc":{"start":{"line":5,"column":29},"end":{"line":5,"column":41}},"type":"default-arg","locations":[{"start":{"line":5,"column":39},"end":{"line":5,"column":41}}],"line":5},"1":{"loc":{"start":{"line":20,"column":2},"end":{"line":25,"column":3}},"type":"if","locations":[{"start":{"line":20,"column":2},"end":{"line":25,"column":3}},{"start":{"line":20,"column":2},"end":{"line":25,"column":3}}],"line":20},"2":{"loc":{"start":{"line":20,"column":6},"end":{"line":20,"column":28}},"type":"binary-expr","locations":[{"start":{"line":20,"column":6},"end":{"line":20,"column":14}},{"start":{"line":20,"column":18},"end":{"line":20,"column":28}}],"line":20},"3":{"loc":{"start":{"line":30,"column":2},"end":{"line":45,"column":3}},"type":"if","locations":[{"start":{"line":30,"column":2},"end":{"line":45,"column":3}},{"start":{"line":30,"column":2},"end":{"line":45,"column":3}}],"line":30},"4":{"loc":{"start":{"line":33,"column":6},"end":{"line":33,"column":51}},"type":"if","locations":[{"start":{"line":33,"column":6},"end":{"line":33,"column":51}},{"start":{"line":33,"column":6},"end":{"line":33,"column":51}}],"line":33},"5":{"loc":{"start":{"line":35,"column":4},"end":{"line":44,"column":5}},"type":"if","locations":[{"start":{"line":35,"column":4},"end":{"line":44,"column":5}},{"start":{"line":35,"column":4},"end":{"line":44,"column":5}}],"line":35},"6":{"loc":{"start":{"line":50,"column":2},"end":{"line":58,"column":3}},"type":"if","locations":[{"start":{"line":50,"column":2},"end":{"line":58,"column":3}},{"start":{"line":50,"column":2},"end":{"line":58,"column":3}}],"line":50},"7":{"loc":{"start":{"line":50,"column":6},"end":{"line":50,"column":44}},"type":"binary-expr","locations":[{"start":{"line":50,"column":6},"end":{"line":50,"column":17}},{"start":{"line":50,"column":21},"end":{"line":50,"column":44}}],"line":50},"8":{"loc":{"start":{"line":63,"column":2},"end":{"line":70,"column":3}},"type":"if","locations":[{"start":{"line":63,"column":2},"end":{"line":70,"column":3}},{"start":{"line":63,"column":2},"end":{"line":70,"column":3}}],"line":63},"9":{"loc":{"start":{"line":63,"column":6},"end":{"line":63,"column":29}},"type":"binary-expr","locations":[{"start":{"line":63,"column":6},"end":{"line":63,"column":12}},{"start":{"line":63,"column":16},"end":{"line":63,"column":29}}],"line":63}},"s":{"0":4,"1":59,"2":59,"3":59,"4":59,"5":10,"6":49,"7":17,"8":17,"9":23,"10":11,"11":17,"12":7,"13":42,"14":4,"15":38,"16":3,"17":35,"18":4},"f":{"0":59,"1":23},"b":{"0":[0],"1":[10,49],"2":[59,25],"3":[17,32],"4":[11,12],"5":[7,10],"6":[4,38],"7":[42,9],"8":[3,35],"9":[38,8]},"_coverageSchema":"332fd63041d2c1bcb487cc26dd0d5f7d97098a6c","hash":"ee14b48107aac788c372956753608d943b269bf9"}
,"/Users/poenguyen/projects/code/tiny-seo-detector/lib/Io/index.js": {"path":"/Users/poenguyen/projects/code/tiny-seo-detector/lib/Io/index.js","statementMap":{"0":{"start":{"line":5,"column":13},"end":{"line":5,"column":30}},"1":{"start":{"line":6,"column":14},"end":{"line":6,"column":32}},"2":{"start":{"line":21,"column":4},"end":{"line":21,"column":23}},"3":{"start":{"line":22,"column":4},"end":{"line":22,"column":25}},"4":{"start":{"line":23,"column":4},"end":{"line":31,"column":7}},"5":{"start":{"line":24,"column":6},"end":{"line":30,"column":7}},"6":{"start":{"line":25,"column":8},"end":{"line":27,"column":11}},"7":{"start":{"line":26,"column":10},"end":{"line":26,"column":21}},"8":{"start":{"line":29,"column":8},"end":{"line":29,"column":20}},"9":{"start":{"line":35,"column":4},"end":{"line":35,"column":31}},"10":{"start":{"line":39,"column":4},"end":{"line":39,"column":60}},"11":{"start":{"line":43,"column":0},"end":{"line":43,"column":20}}},"fnMap":{"0":{"name":"(anonymous_0)","decl":{"start":{"line":20,"column":2},"end":{"line":20,"column":3}},"loc":{"start":{"line":20,"column":29},"end":{"line":32,"column":3}},"line":20},"1":{"name":"(anonymous_1)","decl":{"start":{"line":23,"column":28},"end":{"line":23,"column":29}},"loc":{"start":{"line":23,"column":49},"end":{"line":31,"column":5}},"line":23},"2":{"name":"(anonymous_2)","decl":{"start":{"line":25,"column":25},"end":{"line":25,"column":26}},"loc":{"start":{"line":25,"column":32},"end":{"line":27,"column":9}},"line":25},"3":{"name":"(anonymous_3)","decl":{"start":{"line":34,"column":2},"end":{"line":34,"column":3}},"loc":{"start":{"line":34,"column":16},"end":{"line":36,"column":3}},"line":34},"4":{"name":"(anonymous_4)","decl":{"start":{"line":38,"column":2},"end":{"line":38,"column":3}},"loc":{"start":{"line":38,"column":21},"end":{"line":40,"column":3}},"line":38}},"branchMap":{},"s":{"0":3,"1":3,"2":6,"3":6,"4":6,"5":6,"6":6,"7":6,"8":0,"9":8,"10":0,"11":3},"f":{"0":6,"1":6,"2":6,"3":8,"4":0},"b":{},"_coverageSchema":"332fd63041d2c1bcb487cc26dd0d5f7d97098a6c","hash":"2f0cc24a173ef3b020068d70e10abe812a4b89b7"}
,"/Users/poenguyen/projects/code/tiny-seo-detector/lib/Io/read.js": {"path":"/Users/poenguyen/projects/code/tiny-seo-detector/lib/Io/read.js","statementMap":{"0":{"start":{"line":5,"column":11},"end":{"line":5,"column":24}},"1":{"start":{"line":6,"column":20},"end":{"line":6,"column":39}},"2":{"start":{"line":8,"column":21},"end":{"line":10,"column":1}},"3":{"start":{"line":9,"column":2},"end":{"line":9,"column":44}},"4":{"start":{"line":12,"column":23},"end":{"line":16,"column":1}},"5":{"start":{"line":13,"column":2},"end":{"line":15,"column":4}},"6":{"start":{"line":14,"column":4},"end":{"line":14,"column":32}},"7":{"start":{"line":18,"column":0},"end":{"line":29,"column":1}},"8":{"start":{"line":19,"column":2},"end":{"line":21,"column":3}},"9":{"start":{"line":20,"column":4},"end":{"line":20,"column":30}},"10":{"start":{"line":23,"column":2},"end":{"line":26,"column":3}},"11":{"start":{"line":24,"column":4},"end":{"line":24,"column":56}},"12":{"start":{"line":24,"column":20},"end":{"line":24,"column":56}},"13":{"start":{"line":25,"column":4},"end":{"line":25,"column":62}},"14":{"start":{"line":25,"column":22},"end":{"line":25,"column":62}},"15":{"start":{"line":28,"column":2},"end":{"line":28,"column":38}}},"fnMap":{"0":{"name":"(anonymous_0)","decl":{"start":{"line":8,"column":21},"end":{"line":8,"column":22}},"loc":{"start":{"line":8,"column":35},"end":{"line":10,"column":1}},"line":8},"1":{"name":"(anonymous_1)","decl":{"start":{"line":12,"column":23},"end":{"line":12,"column":24}},"loc":{"start":{"line":12,"column":39},"end":{"line":16,"column":1}},"line":12},"2":{"name":"(anonymous_2)","decl":{"start":{"line":13,"column":20},"end":{"line":13,"column":21}},"loc":{"start":{"line":13,"column":30},"end":{"line":15,"column":3}},"line":13},"3":{"name":"(anonymous_3)","decl":{"start":{"line":18,"column":17},"end":{"line":18,"column":18}},"loc":{"start":{"line":18,"column":53},"end":{"line":29,"column":1}},"line":18},"4":{"name":"(anonymous_4)","decl":{"start":{"line":18,"column":43},"end":{"line":18,"column":44}},"loc":{"start":{"line":18,"column":49},"end":{"line":18,"column":51}},"line":18}},"branchMap":{"0":{"loc":{"start":{"line":18,"column":26},"end":{"line":18,"column":36}},"type":"default-arg","locations":[{"start":{"line":18,"column":34},"end":{"line":18,"column":36}}],"line":18},"1":{"loc":{"start":{"line":18,"column":38},"end":{"line":18,"column":51}},"type":"default-arg","locations":[{"start":{"line":18,"column":43},"end":{"line":18,"column":51}}],"line":18},"2":{"loc":{"start":{"line":19,"column":2},"end":{"line":21,"column":3}},"type":"if","locations":[{"start":{"line":19,"column":2},"end":{"line":21,"column":3}},{"start":{"line":19,"column":2},"end":{"line":21,"column":3}}],"line":19},"3":{"loc":{"start":{"line":23,"column":2},"end":{"line":26,"column":3}},"type":"if","locations":[{"start":{"line":23,"column":2},"end":{"line":26,"column":3}},{"start":{"line":23,"column":2},"end":{"line":26,"column":3}}],"line":23},"4":{"loc":{"start":{"line":24,"column":4},"end":{"line":24,"column":56}},"type":"if","locations":[{"start":{"line":24,"column":4},"end":{"line":24,"column":56}},{"start":{"line":24,"column":4},"end":{"line":24,"column":56}}],"line":24},"5":{"loc":{"start":{"line":25,"column":4},"end":{"line":25,"column":62}},"type":"if","locations":[{"start":{"line":25,"column":4},"end":{"line":25,"column":62}},{"start":{"line":25,"column":4},"end":{"line":25,"column":62}}],"line":25}},"s":{"0":4,"1":4,"2":4,"3":6,"4":4,"5":1,"6":1,"7":4,"8":10,"9":2,"10":8,"11":7,"12":6,"13":1,"14":1,"15":1},"f":{"0":6,"1":1,"2":1,"3":10,"4":0},"b":{"0":[0],"1":[0],"2":[2,8],"3":[7,1],"4":[6,1],"5":[1,0]},"_coverageSchema":"332fd63041d2c1bcb487cc26dd0d5f7d97098a6c","hash":"6014c9e04348be57db4f9c1284527e4b0d8a17c3"}
,"/Users/poenguyen/projects/code/tiny-seo-detector/lib/Io/write.js": {"path":"/Users/poenguyen/projects/code/tiny-seo-detector/lib/Io/write.js","statementMap":{"0":{"start":{"line":4,"column":25},"end":{"line":4,"column":44}},"1":{"start":{"line":5,"column":15},"end":{"line":5,"column":32}},"2":{"start":{"line":6,"column":11},"end":{"line":6,"column":24}},"3":{"start":{"line":8,"column":23},"end":{"line":10,"column":1}},"4":{"start":{"line":9,"column":2},"end":{"line":9,"column":24}},"5":{"start":{"line":12,"column":22},"end":{"line":14,"column":1}},"6":{"start":{"line":13,"column":2},"end":{"line":13,"column":25}},"7":{"start":{"line":16,"column":20},"end":{"line":18,"column":1}},"8":{"start":{"line":17,"column":2},"end":{"line":17,"column":35}},"9":{"start":{"line":20,"column":0},"end":{"line":37,"column":1}},"10":{"start":{"line":21,"column":22},"end":{"line":21,"column":24}},"11":{"start":{"line":22,"column":2},"end":{"line":24,"column":3}},"12":{"start":{"line":23,"column":4},"end":{"line":23,"column":58}},"13":{"start":{"line":25,"column":19},"end":{"line":25,"column":76}},"14":{"start":{"line":28,"column":2},"end":{"line":30,"column":3}},"15":{"start":{"line":29,"column":4},"end":{"line":29,"column":43}},"16":{"start":{"line":32,"column":2},"end":{"line":34,"column":3}},"17":{"start":{"line":33,"column":4},"end":{"line":33,"column":41}},"18":{"start":{"line":36,"column":2},"end":{"line":36,"column":34}}},"fnMap":{"0":{"name":"(anonymous_0)","decl":{"start":{"line":8,"column":23},"end":{"line":8,"column":24}},"loc":{"start":{"line":8,"column":37},"end":{"line":10,"column":1}},"line":8},"1":{"name":"(anonymous_1)","decl":{"start":{"line":12,"column":22},"end":{"line":12,"column":23}},"loc":{"start":{"line":12,"column":44},"end":{"line":14,"column":1}},"line":12},"2":{"name":"(anonymous_2)","decl":{"start":{"line":16,"column":20},"end":{"line":16,"column":21}},"loc":{"start":{"line":16,"column":40},"end":{"line":18,"column":1}},"line":16},"3":{"name":"(anonymous_3)","decl":{"start":{"line":20,"column":17},"end":{"line":20,"column":18}},"loc":{"start":{"line":20,"column":52},"end":{"line":37,"column":1}},"line":20}},"branchMap":{"0":{"loc":{"start":{"line":20,"column":26},"end":{"line":20,"column":42}},"type":"default-arg","locations":[{"start":{"line":20,"column":35},"end":{"line":20,"column":42}}],"line":20},"1":{"loc":{"start":{"line":25,"column":19},"end":{"line":25,"column":76}},"type":"cond-expr","locations":[{"start":{"line":25,"column":40},"end":{"line":25,"column":62}},{"start":{"line":25,"column":65},"end":{"line":25,"column":76}}],"line":25},"2":{"loc":{"start":{"line":28,"column":2},"end":{"line":30,"column":3}},"type":"if","locations":[{"start":{"line":28,"column":2},"end":{"line":30,"column":3}},{"start":{"line":28,"column":2},"end":{"line":30,"column":3}}],"line":28},"3":{"loc":{"start":{"line":28,"column":6},"end":{"line":28,"column":69}},"type":"binary-expr","locations":[{"start":{"line":28,"column":6},"end":{"line":28,"column":32}},{"start":{"line":28,"column":36},"end":{"line":28,"column":69}}],"line":28},"4":{"loc":{"start":{"line":32,"column":2},"end":{"line":34,"column":3}},"type":"if","locations":[{"start":{"line":32,"column":2},"end":{"line":34,"column":3}},{"start":{"line":32,"column":2},"end":{"line":34,"column":3}}],"line":32}},"s":{"0":4,"1":4,"2":4,"3":4,"4":9,"5":4,"6":1,"7":4,"8":1,"9":4,"10":11,"11":11,"12":16,"13":11,"14":11,"15":1,"16":10,"17":1,"18":9},"f":{"0":9,"1":1,"2":1,"3":11},"b":{"0":[8],"1":[9,2],"2":[1,10],"3":[11,10],"4":[1,9]},"_coverageSchema":"332fd63041d2c1bcb487cc26dd0d5f7d97098a6c","hash":"091355e36193382ad534dd6d8412a5fa53f66eed"}
}
