TN:
SF:/Users/poenguyen/projects/code/tiny-seo-detector/lib/Detector.js
FN:15,(anonymous_0)
FN:20,(anonymous_1)
FN:25,(anonymous_2)
FNF:3
FNH:3
FNDA:3,(anonymous_0)
FNDA:3,(anonymous_1)
FNDA:1,(anonymous_2)
DA:1,1
DA:5,1
DA:6,1
DA:9,1
DA:16,3
DA:17,3
DA:21,3
DA:22,3
DA:26,1
DA:32,1
LF:10
LH:10
BRF:0
BRH:0
end_of_record
TN:
SF:/Users/poenguyen/projects/code/tiny-seo-detector/lib/utils.js
FN:9,(anonymous_0)
FN:19,(anonymous_1)
FNF:2
FNH:2
FNDA:28,(anonymous_0)
FNDA:13,(anonymous_1)
DA:5,7
DA:6,7
DA:9,7
DA:10,28
DA:11,28
DA:19,7
DA:20,13
LF:7
LH:7
BRDA:9,0,0,0
BRF:1
BRH:0
end_of_record
TN:
SF:/Users/poenguyen/projects/code/tiny-seo-detector/lib/Defects/index.js
FN:33,(anonymous_0)
FN:41,(anonymous_1)
FN:47,(anonymous_2)
FN:61,(anonymous_3)
FN:69,(anonymous_4)
FN:71,(anonymous_5)
FNF:6
FNH:5
FNDA:8,(anonymous_0)
FNDA:8,(anonymous_1)
FNDA:8,(anonymous_2)
FNDA:0,(anonymous_3)
FNDA:3,(anonymous_4)
FNDA:4,(anonymous_5)
DA:5,3
DA:15,3
DA:16,3
DA:18,3
DA:22,3
DA:23,3
DA:34,8
DA:35,8
DA:42,8
DA:43,8
DA:46,8
DA:48,8
DA:50,8
DA:51,8
DA:53,8
DA:54,60
DA:55,48
DA:56,48
DA:59,8
DA:61,0
DA:71,3
DA:72,4
DA:73,4
DA:76,3
DA:77,2
DA:79,2
DA:87,3
LF:27
LH:26
BRDA:54,0,0,12
BRDA:54,0,1,48
BRDA:56,1,0,13
BRDA:56,1,1,35
BRDA:76,2,0,1
BRDA:76,2,1,2
BRF:6
BRH:6
end_of_record
TN:
SF:/Users/poenguyen/projects/code/tiny-seo-detector/lib/Defects/rules.js
FNF:0
FNH:0
DA:11,4
DA:19,4
DA:26,4
DA:78,4
DA:88,4
LF:5
LH:5
BRF:0
BRH:0
end_of_record
TN:
SF:/Users/poenguyen/projects/code/tiny-seo-detector/lib/Defects/validate.js
FN:5,(anonymous_0)
FN:32,(anonymous_1)
FNF:2
FNH:2
FNDA:59,(anonymous_0)
FNDA:23,(anonymous_1)
DA:5,4
DA:13,59
DA:14,59
DA:15,59
DA:20,59
DA:21,10
DA:30,49
DA:31,17
DA:32,17
DA:33,23
DA:35,17
DA:36,7
DA:50,42
DA:51,4
DA:63,38
DA:64,3
DA:72,35
DA:75,4
LF:18
LH:18
BRDA:5,0,0,0
BRDA:20,1,0,10
BRDA:20,1,1,49
BRDA:20,2,0,59
BRDA:20,2,1,25
BRDA:30,3,0,17
BRDA:30,3,1,32
BRDA:33,4,0,11
BRDA:33,4,1,12
BRDA:35,5,0,7
BRDA:35,5,1,10
BRDA:50,6,0,4
BRDA:50,6,1,38
BRDA:50,7,0,42
BRDA:50,7,1,9
BRDA:63,8,0,3
BRDA:63,8,1,35
BRDA:63,9,0,38
BRDA:63,9,1,8
BRF:19
BRH:18
end_of_record
TN:
SF:/Users/poenguyen/projects/code/tiny-seo-detector/lib/Io/index.js
FN:20,(anonymous_0)
FN:23,(anonymous_1)
FN:25,(anonymous_2)
FN:34,(anonymous_3)
FN:38,(anonymous_4)
FNF:5
FNH:4
FNDA:6,(anonymous_0)
FNDA:6,(anonymous_1)
FNDA:6,(anonymous_2)
FNDA:8,(anonymous_3)
FNDA:0,(anonymous_4)
DA:5,3
DA:6,3
DA:21,6
DA:22,6
DA:23,6
DA:24,6
DA:25,6
DA:26,6
DA:29,0
DA:35,8
DA:39,0
DA:43,3
LF:12
LH:10
BRF:0
BRH:0
end_of_record
TN:
SF:/Users/poenguyen/projects/code/tiny-seo-detector/lib/Io/read.js
FN:8,(anonymous_0)
FN:12,(anonymous_1)
FN:13,(anonymous_2)
FN:18,(anonymous_3)
FN:18,(anonymous_4)
FNF:5
FNH:4
FNDA:6,(anonymous_0)
FNDA:1,(anonymous_1)
FNDA:1,(anonymous_2)
FNDA:10,(anonymous_3)
FNDA:0,(anonymous_4)
DA:5,4
DA:6,4
DA:8,4
DA:9,6
DA:12,4
DA:13,1
DA:14,1
DA:18,4
DA:19,10
DA:20,2
DA:23,8
DA:24,7
DA:25,1
DA:28,1
LF:14
LH:14
BRDA:18,0,0,0
BRDA:18,1,0,0
BRDA:19,2,0,2
BRDA:19,2,1,8
BRDA:23,3,0,7
BRDA:23,3,1,1
BRDA:24,4,0,6
BRDA:24,4,1,1
BRDA:25,5,0,1
BRDA:25,5,1,0
BRF:10
BRH:7
end_of_record
TN:
SF:/Users/poenguyen/projects/code/tiny-seo-detector/lib/Io/write.js
FN:8,(anonymous_0)
FN:12,(anonymous_1)
FN:16,(anonymous_2)
FN:20,(anonymous_3)
FNF:4
FNH:4
FNDA:9,(anonymous_0)
FNDA:1,(anonymous_1)
FNDA:1,(anonymous_2)
FNDA:11,(anonymous_3)
DA:4,4
DA:5,4
DA:6,4
DA:8,4
DA:9,9
DA:12,4
DA:13,1
DA:16,4
DA:17,1
DA:20,4
DA:21,11
DA:22,11
DA:23,16
DA:25,11
DA:28,11
DA:29,1
DA:32,10
DA:33,1
DA:36,9
LF:19
LH:19
BRDA:20,0,0,8
BRDA:25,1,0,9
BRDA:25,1,1,2
BRDA:28,2,0,1
BRDA:28,2,1,10
BRDA:28,3,0,11
BRDA:28,3,1,10
BRDA:32,4,0,1
BRDA:32,4,1,9
BRF:9
BRH:9
end_of_record
